<?xml version="1.0" encoding="UTF-8"?>
<!-- Generated by org.testng.reporters.JUnitReportReporter -->
<testsuite skipped="0" hostname="Hp-PC" name="TestA" tests="2" failures="0" timestamp="06 Sep 2018 06:35:28 GMT" time="0.006" errors="0">
  <testcase name="testA" time="0.000" classname="TestA"/>
  <testcase name="testA" time="0.006" classname="TestA"/>
</testsuite> <!-- TestA -->
