<?xml version="1.0" encoding="UTF-8"?>
<!-- Generated by org.testng.reporters.JUnitReportReporter -->
<testsuite skipped="0" hostname="Hp-PC" name="com.testng.order.TestClass1" tests="2" failures="0" timestamp="05 Sep 2018 02:09:15 GMT" time="0.004" errors="0">
  <testcase name="unitLevel1" time="0.003" classname="com.testng.order.TestClass1"/>
  <testcase name="unitLevel2" time="0.001" classname="com.testng.order.TestClass1"/>
</testsuite> <!-- com.testng.order.TestClass1 -->
