<?xml version="1.0" encoding="UTF-8"?>
<!-- Generated by org.testng.reporters.JUnitReportReporter -->
<testsuite skipped="0" hostname="Hp-PC" name="com.testng.order.TestCase3" tests="1" failures="0" timestamp="05 Sep 2018 02:39:52 GMT" time="0.000" errors="0">
  <testcase name="scenario2" time="0.000" classname="com.testng.order.TestCase3"/>
</testsuite> <!-- com.testng.order.TestCase3 -->
