<?xml version="1.0" encoding="UTF-8"?>
<!-- Generated by org.testng.reporters.JUnitReportReporter -->
<testsuite skipped="0" hostname="Hp-PC" name="com.testng.order.TestCase2" tests="2" failures="0" timestamp="05 Sep 2018 02:39:52 GMT" time="0.005" errors="0">
  <testcase name="scenario1" time="0.001" classname="com.testng.order.TestCase2"/>
  <testcase name="scenario1" time="0.004" classname="com.testng.order.TestCase2"/>
</testsuite> <!-- com.testng.order.TestCase2 -->
