<?xml version="1.0" encoding="UTF-8"?>
<!-- Generated by org.testng.reporters.JUnitReportReporter -->
<testsuite skipped="0" hostname="Hp-PC" name="testcases.TestA" tests="1" failures="0" timestamp="08 Sep 2018 22:37:56 GMT" time="10.008" errors="0">
  <testcase name="testA" time="10.008" classname="testcases.TestA"/>
</testsuite> <!-- testcases.TestA -->
